2023-04-25 17:13:09 INFO  TelegramBot:92 - received
2023-04-25 20:43:34 INFO  TelegramBot:93 - user saved: АлександрHi, Александр, nice to meet you!
2023-04-26 13:39:05 INFO  TelegramBot:85 - user saved: AppUser{chatId=1880942606, firstName='Александр', lastName='Лыткин', userName='null', registeredAt=2023-04-26 13:39:05.737}
2023-04-26 14:17:45 INFO  TelegramBot:86 - user saved: AppUser{chatId=1880942606, firstName='Александр', lastName='Лыткин', userName='null', registeredAt=2023-04-26 14:17:45.769}
2023-04-26 14:17:45 INFO  TelegramBot:93 - Replied to user: Александр
2023-04-26 14:20:46 INFO  TelegramBot:86 - user saved: AppUser{chatId=1880942606, firstName='Александр', lastName='Лыткин', userName='null', registeredAt=2023-04-26 14:20:46.759}
2023-04-26 14:20:46 INFO  TelegramBot:93 - Replied to user: Александр
2023-04-26 15:13:39 INFO  TelegramBot:88 - user saved: AppUser{chatId=1880942606, firstName='Александр', lastName='Лыткин', userName='null', registeredAt=2023-04-26 15:13:39.815}
2023-04-26 15:13:39 INFO  TelegramBot:95 - Replied to user: Александр
2023-04-26 15:17:42 INFO  TelegramBot:88 - user saved: AppUser{chatId=1880942606, firstName='Александр', lastName='Лыткин', userName='null', registeredAt=2023-04-26 15:17:42.156}
2023-04-26 15:17:42 INFO  TelegramBot:95 - Replied to user: Александр
2023-04-27 09:07:04 INFO  TelegramBot:88 - user saved: AppUser{chatId=1880942606, firstName='Александр', lastName='Лыткин', userName='null', registeredAt=2023-04-27 09:07:04.187}
2023-04-27 09:07:04 INFO  TelegramBot:95 - Replied to user: Александр
2023-04-27 09:55:16 INFO  TelegramBot:129 - user saved: AppUser{chatId=1880942606, firstName='Александр', lastName='Лыткин', userName='null', registeredAt=2023-04-27 09:55:16.393}
2023-04-27 09:55:16 INFO  TelegramBot:136 - Replied to user: Александр
2023-04-27 09:56:55 INFO  TelegramBot:130 - user saved: AppUser{chatId=1880942606, firstName='Александр', lastName='Лыткин', userName='null', registeredAt=2023-04-27 09:56:55.605}
2023-04-27 09:56:55 INFO  TelegramBot:137 - Replied to user: Александр
2023-04-27 11:56:09 INFO  TelegramBot:169 - user saved: AppUser{chatId=1880942606, firstName='Александр', lastName='Лыткин', userName='null', registeredAt=2023-04-27 11:56:09.069}
2023-04-27 11:56:09 INFO  TelegramBot:176 - Replied to user: Александр
2023-04-27 11:56:27 ERROR TelegramBot:204 - Error occurred: Error executing org.telegram.telegrambots.meta.api.methods.send.SendMessage query: [400] Bad Request: chat not found
2023-04-27 11:56:27 ERROR TelegramBot:204 - Error occurred: Error executing org.telegram.telegrambots.meta.api.methods.send.SendMessage query: [400] Bad Request: chat not found
2023-04-27 11:56:27 ERROR TelegramBot:204 - Error occurred: Error executing org.telegram.telegrambots.meta.api.methods.send.SendMessage query: [400] Bad Request: chat not found
2023-04-27 11:56:27 ERROR TelegramBot:204 - Error occurred: Error executing org.telegram.telegrambots.meta.api.methods.send.SendMessage query: [400] Bad Request: chat not found
2023-04-27 12:08:50 INFO  TelegramBot:170 - user saved: AppUser{chatId=1880942606, firstName='Александр', lastName='Лыткин', userName='null', registeredAt=2023-04-27 12:08:50.826}
2023-04-27 12:08:50 INFO  TelegramBot:177 - Replied to user: Александр
2023-04-27 12:09:21 INFO  TelegramBot:170 - user saved: AppUser{chatId=1880942606, firstName='Александр', lastName='Лыткин', userName='null', registeredAt=2023-04-27 12:09:21.671}
2023-04-27 12:09:21 INFO  TelegramBot:177 - Replied to user: Александр
2023-04-27 12:09:29 INFO  TelegramBot:177 - Replied to user: Александр
2023-04-27 13:50:20 INFO  TelegramBot:160 - Replied to user: Александр
2023-04-27 13:50:38 INFO  TelegramBot:160 - Replied to user: Александр
